<?xml version="1.0" encoding="UTF-8"?>
<testng-results ignored="0" total="1" passed="1" failed="0" skipped="0">
  <reporter-output>
  </reporter-output>
  <suite started-at="2022-01-21T15:19:36 IST" name="Surefire suite" finished-at="2022-01-21T15:19:42 IST" duration-ms="6447">
    <groups>
    </groups>
    <test started-at="2022-01-21T15:19:36 IST" name="Surefire test" finished-at="2022-01-21T15:19:42 IST" duration-ms="6447">
      <class name="Academy.E2Eproject.HomePageTest">
        <test-method is-config="true" signature="initialize()[pri:0, instance:Academy.E2Eproject.HomePageTest@24c4ddae]" started-at="2022-01-21T15:19:36 IST" name="initialize" finished-at="2022-01-21T15:19:41 IST" duration-ms="5308" status="PASS">
          <reporter-output>
          </reporter-output>
        </test-method> <!-- initialize -->
        <test-method signature="basePageNavigation()[pri:0, instance:Academy.E2Eproject.HomePageTest@24c4ddae]" started-at="2022-01-21T15:19:41 IST" name="basePageNavigation" finished-at="2022-01-21T15:19:42 IST" duration-ms="967" status="PASS">
          <reporter-output>
          </reporter-output>
        </test-method> <!-- basePageNavigation -->
        <test-method is-config="true" signature="teardown()[pri:0, instance:Academy.E2Eproject.HomePageTest@24c4ddae]" started-at="2022-01-21T15:19:42 IST" name="teardown" finished-at="2022-01-21T15:19:42 IST" duration-ms="126" status="PASS">
          <reporter-output>
          </reporter-output>
        </test-method> <!-- teardown -->
      </class> <!-- Academy.E2Eproject.HomePageTest -->
    </test> <!-- Surefire test -->
  </suite> <!-- Surefire suite -->
</testng-results>
